<?xml version="1.0" encoding="UTF-8"?>
<testng-results skipped="0" failed="0" ignored="0" total="1" passed="1">
  <reporter-output>
  </reporter-output>
  <suite name="Default suite" duration-ms="11118" started-at="2021-05-18T14:13:56Z" finished-at="2021-05-18T14:14:07Z">
    <groups>
    </groups>
    <test name="Default test" duration-ms="11118" started-at="2021-05-18T14:13:56Z" finished-at="2021-05-18T14:14:07Z">
      <class name="Test.LoginTest">
        <test-method status="PASS" signature="verifyingtheloginTest()[pri:0, instance:Test.LoginTest@79efed2d]" name="verifyingtheloginTest" duration-ms="11096" started-at="2021-05-18T14:13:56Z" finished-at="2021-05-18T14:14:07Z">
          <reporter-output>
          </reporter-output>
        </test-method> <!-- verifyingtheloginTest -->
      </class> <!-- Test.LoginTest -->
    </test> <!-- Default test -->
  </suite> <!-- Default suite -->
</testng-results>
